CRITICAL - 2022-11-29 10:44:43 --> Invalid file: myhome.php
in SYSTEMPATH\Exceptions\FrameworkException.php on line 33.
 1 SYSTEMPATH\View\View.php(201): CodeIgniter\Exceptions\FrameworkException::forInvalidFile('myhome.php')
 2 SYSTEMPATH\View\View.php(229): CodeIgniter\View\View->render('myhome', [], true)
 3 SYSTEMPATH\Common.php(1134): CodeIgniter\View\View->render('templates/home', [], true)
 4 APPPATH\Controllers\Myhome.php(11): view('templates/home')
 5 SYSTEMPATH\CodeIgniter.php(927): App\Controllers\Myhome->index()
 6 SYSTEMPATH\CodeIgniter.php(482): CodeIgniter\CodeIgniter->runController(Object(App\Controllers\Myhome))
 7 SYSTEMPATH\CodeIgniter.php(351): CodeIgniter\CodeIgniter->handleRequest(null, Object(Config\Cache), false)
 8 FCPATH\index.php(67): CodeIgniter\CodeIgniter->run()
 9 SYSTEMPATH\Commands\Server\rewrite.php(46): require_once('FCPATH\\index.php')
CRITICAL - 2022-11-29 10:45:28 --> Invalid file: myhome.php
in SYSTEMPATH\Exceptions\FrameworkException.php on line 33.
 1 SYSTEMPATH\View\View.php(201): CodeIgniter\Exceptions\FrameworkException::forInvalidFile('myhome.php')
 2 SYSTEMPATH\View\View.php(229): CodeIgniter\View\View->render('myhome', [], true)
 3 SYSTEMPATH\Common.php(1134): CodeIgniter\View\View->render('templates/home', [], true)
 4 APPPATH\Controllers\Myhome.php(11): view('templates/home')
 5 SYSTEMPATH\CodeIgniter.php(927): App\Controllers\Myhome->index()
 6 SYSTEMPATH\CodeIgniter.php(482): CodeIgniter\CodeIgniter->runController(Object(App\Controllers\Myhome))
 7 SYSTEMPATH\CodeIgniter.php(351): CodeIgniter\CodeIgniter->handleRequest(null, Object(Config\Cache), false)
 8 FCPATH\index.php(67): CodeIgniter\CodeIgniter->run()
 9 SYSTEMPATH\Commands\Server\rewrite.php(46): require_once('FCPATH\\index.php')
